{
  message: 'database connect successful',
  level: 'info',
  service: 'user-service',
  label: 'DCH',
  timestamp: '2024-07-06T16:00:17.366Z'
}
{
  message: 'Example app listening on port 5000',
  level: 'info',
  service: 'user-service',
  label: 'DCH',
  timestamp: '2024-07-06T16:00:17.389Z'
}
{
  message: 'database connect successful',
  level: 'info',
  service: 'user-service',
  label: 'DCH',
  timestamp: '2024-07-06T16:07:26.091Z'
}
{
  message: 'Example app listening on port 5000',
  level: 'info',
  service: 'user-service',
  label: 'DCH',
  timestamp: '2024-07-06T16:07:26.135Z'
}
{
  message: 'database connect successful',
  level: 'info',
  service: 'user-service',
  label: 'DCH',
  timestamp: '2024-07-06T16:10:12.731Z'
}
{
  message: 'Example app listening on port 5000',
  level: 'info',
  service: 'user-service',
  label: 'DCH',
  timestamp: '2024-07-06T16:10:12.751Z'
}
{
  message: 'database connect successful',
  level: 'info',
  service: 'user-service',
  label: 'DCH',
  timestamp: '2024-07-06T16:13:27.664Z'
}
{
  message: 'Example app listening on port 5000',
  level: 'info',
  service: 'user-service',
  label: 'DCH',
  timestamp: '2024-07-06T16:13:27.687Z'
}
{
  message: 'database connect successful',
  level: 'info',
  service: 'user-service',
  label: 'DCH',
  timestamp: '2024-07-06T16:17:13.053Z'
}
{
  message: 'Example app listening on port 5000',
  level: 'info',
  service: 'user-service',
  label: 'DCH',
  timestamp: '2024-07-06T16:17:13.080Z'
}
{
  message: 'database connect successful',
  level: 'info',
  service: 'user-service',
  label: 'DCH',
  timestamp: '2024-07-06T16:17:20.941Z'
}
{
  message: 'Example app listening on port 5000',
  level: 'info',
  service: 'user-service',
  label: 'DCH',
  timestamp: '2024-07-06T16:17:20.966Z'
}
{
  message: 'database connect successful',
  level: 'info',
  service: 'user-service',
  label: 'DCH',
  timestamp: '2024-07-06T16:22:52.106Z'
}
{
  message: 'Example app listening on port 5000',
  level: 'info',
  service: 'user-service',
  label: 'DCH',
  timestamp: '2024-07-06T16:22:52.128Z'
}
{
  message: 'database connect successful',
  level: 'info',
  service: 'user-service',
  label: 'DCH',
  timestamp: '2024-07-06T16:23:25.277Z'
}
{
  message: 'Example app listening on port 5000',
  level: 'info',
  service: 'user-service',
  label: 'DCH',
  timestamp: '2024-07-06T16:23:25.304Z'
}
{
  message: 'database connect successful',
  level: 'info',
  service: 'user-service',
  label: 'DCH',
  timestamp: '2024-07-06T16:25:39.140Z'
}
{
  message: 'Example app listening on port 5000',
  level: 'info',
  service: 'user-service',
  label: 'DCH',
  timestamp: '2024-07-06T16:25:39.167Z'
}
{
  message: 'database connect successful',
  level: 'info',
  service: 'user-service',
  label: 'DCH',
  timestamp: '2024-07-06T16:27:05.723Z'
}
{
  message: 'Example app listening on port 5000',
  level: 'info',
  service: 'user-service',
  label: 'DCH',
  timestamp: '2024-07-06T16:27:05.762Z'
}
{
  message: 'database connect successful',
  level: 'info',
  service: 'user-service',
  label: 'DCH',
  timestamp: '2024-07-06T16:30:28.790Z'
}
{
  message: 'Example app listening on port 5000',
  level: 'info',
  service: 'user-service',
  label: 'DCH',
  timestamp: '2024-07-06T16:30:28.815Z'
}
{
  message: 'database connect successful',
  level: 'info',
  service: 'user-service',
  label: 'DCH',
  timestamp: '2024-07-06T16:31:44.912Z'
}
{
  message: 'Example app listening on port 5000',
  level: 'info',
  service: 'user-service',
  label: 'DCH',
  timestamp: '2024-07-06T16:31:44.935Z'
}
{
  message: 'database connect successful',
  level: 'info',
  service: 'user-service',
  label: 'DCH',
  timestamp: '2024-07-06T16:33:35.193Z'
}
{
  message: 'Example app listening on port 5000',
  level: 'info',
  service: 'user-service',
  label: 'DCH',
  timestamp: '2024-07-06T16:33:35.214Z'
}
{
  message: 'database connect successful',
  level: 'info',
  service: 'user-service',
  label: 'DCH',
  timestamp: '2024-07-06T16:35:21.558Z'
}
{
  message: 'Example app listening on port 5000',
  level: 'info',
  service: 'user-service',
  label: 'DCH',
  timestamp: '2024-07-06T16:35:21.581Z'
}
{
  message: 'database connect successful',
  level: 'info',
  service: 'user-service',
  label: 'DCH',
  timestamp: '2024-07-06T16:37:08.928Z'
}
{
  message: 'Example app listening on port 5000',
  level: 'info',
  service: 'user-service',
  label: 'DCH',
  timestamp: '2024-07-06T16:37:08.950Z'
}
{
  message: 'database connect successful',
  level: 'info',
  service: 'user-service',
  label: 'DCH',
  timestamp: '2024-07-06T16:46:42.206Z'
}
{
  message: 'Example app listening on port 5000',
  level: 'info',
  service: 'user-service',
  label: 'DCH',
  timestamp: '2024-07-06T16:46:42.229Z'
}
{
  message: 'database connect successful',
  level: 'info',
  service: 'user-service',
  label: 'DCH',
  timestamp: '2024-07-06T16:47:01.125Z'
}
{
  message: 'Example app listening on port 5000',
  level: 'info',
  service: 'user-service',
  label: 'DCH',
  timestamp: '2024-07-06T16:47:01.153Z'
}
{
  message: 'database connect successful',
  level: 'info',
  service: 'user-service',
  label: 'DCH',
  timestamp: '2024-07-06T16:47:51.929Z'
}
{
  message: 'Example app listening on port 5000',
  level: 'info',
  service: 'user-service',
  label: 'DCH',
  timestamp: '2024-07-06T16:47:51.955Z'
}
{
  message: 'database connect successful',
  level: 'info',
  service: 'user-service',
  label: 'DCH',
  timestamp: '2024-07-06T16:48:17.372Z'
}
{
  message: 'Example app listening on port 5000',
  level: 'info',
  service: 'user-service',
  label: 'DCH',
  timestamp: '2024-07-06T16:48:17.394Z'
}
{
  message: 'database connect successful',
  level: 'info',
  service: 'user-service',
  label: 'DCH',
  timestamp: '2024-07-06T16:50:27.553Z'
}
{
  message: 'Example app listening on port 5000',
  level: 'info',
  service: 'user-service',
  label: 'DCH',
  timestamp: '2024-07-06T16:50:27.575Z'
}
{
  message: 'database connect successful',
  level: 'info',
  service: 'user-service',
  label: 'DCH',
  timestamp: '2024-07-06T16:51:26.439Z'
}
{
  message: 'Example app listening on port 5000',
  level: 'info',
  service: 'user-service',
  label: 'DCH',
  timestamp: '2024-07-06T16:51:26.463Z'
}
