{
  message: 'database connect successful',
  level: 'info',
  service: 'user-service',
  label: 'DCH',
  timestamp: '2024-07-06T09:15:57.897Z'
}
{
  message: 'Example app listening on port 5000',
  level: 'info',
  service: 'user-service',
  label: 'DCH',
  timestamp: '2024-07-06T09:15:57.906Z'
}
{
  message: 'database connect successful',
  level: 'info',
  service: 'user-service',
  label: 'DCH',
  timestamp: '2024-07-06T09:16:30.131Z'
}
{
  message: 'Example app listening on port 5000',
  level: 'info',
  service: 'user-service',
  label: 'DCH',
  timestamp: '2024-07-06T09:16:30.139Z'
}
{
  message: 'database connect successful',
  level: 'info',
  service: 'user-service',
  label: 'DCH',
  timestamp: '2024-07-06T09:19:14.087Z'
}
{
  message: 'Example app listening on port 5000',
  level: 'info',
  service: 'user-service',
  label: 'DCH',
  timestamp: '2024-07-06T09:19:14.095Z'
}
{
  message: 'database connect successful',
  level: 'info',
  service: 'user-service',
  label: 'DCH',
  timestamp: '2024-07-06T09:27:50.750Z'
}
{
  message: 'Example app listening on port 5000',
  level: 'info',
  service: 'user-service',
  label: 'DCH',
  timestamp: '2024-07-06T09:27:50.759Z'
}
{
  message: 'database connect successful',
  level: 'info',
  service: 'user-service',
  label: 'DCH',
  timestamp: '2024-07-06T09:34:06.400Z'
}
{
  message: 'Example app listening on port 5000',
  level: 'info',
  service: 'user-service',
  label: 'DCH',
  timestamp: '2024-07-06T09:34:06.408Z'
}
{
  message: 'database connect successful',
  level: 'info',
  service: 'user-service',
  label: 'DCH',
  timestamp: '2024-07-06T09:40:50.074Z'
}
{
  message: 'Example app listening on port 5000',
  level: 'info',
  service: 'user-service',
  label: 'DCH',
  timestamp: '2024-07-06T09:40:50.083Z'
}
{
  message: 'database connect successful',
  level: 'info',
  service: 'user-service',
  label: 'DCH',
  timestamp: '2024-07-06T09:41:11.485Z'
}
{
  message: 'Example app listening on port 5000',
  level: 'info',
  service: 'user-service',
  label: 'DCH',
  timestamp: '2024-07-06T09:41:11.493Z'
}
{
  message: 'database connect successful',
  level: 'info',
  service: 'user-service',
  label: 'DCH',
  timestamp: '2024-07-06T09:41:24.195Z'
}
{
  message: 'Example app listening on port 5000',
  level: 'info',
  service: 'user-service',
  label: 'DCH',
  timestamp: '2024-07-06T09:41:24.204Z'
}
{
  message: 'database connect successful',
  level: 'info',
  service: 'user-service',
  label: 'DCH',
  timestamp: '2024-07-06T09:41:39.686Z'
}
{
  message: 'Example app listening on port 5000',
  level: 'info',
  service: 'user-service',
  label: 'DCH',
  timestamp: '2024-07-06T09:41:39.694Z'
}
{
  message: 'database connect successful',
  level: 'info',
  service: 'user-service',
  label: 'DCH',
  timestamp: '2024-07-06T09:42:34.646Z'
}
{
  message: 'Example app listening on port 5000',
  level: 'info',
  service: 'user-service',
  label: 'DCH',
  timestamp: '2024-07-06T09:42:34.654Z'
}
{
  message: 'database connect successful',
  level: 'info',
  service: 'user-service',
  label: 'DCH',
  timestamp: '2024-07-06T09:43:15.648Z'
}
{
  message: 'Example app listening on port 5000',
  level: 'info',
  service: 'user-service',
  label: 'DCH',
  timestamp: '2024-07-06T09:43:15.656Z'
}
{
  message: 'database connect successful',
  level: 'info',
  service: 'user-service',
  label: 'DCH',
  timestamp: '2024-07-06T09:52:30.354Z'
}
{
  message: 'Example app listening on port 5000',
  level: 'info',
  service: 'user-service',
  label: 'DCH',
  timestamp: '2024-07-06T09:52:30.363Z'
}
{
  message: 'database connect successful',
  level: 'info',
  service: 'user-service',
  label: 'DCH',
  timestamp: '2024-07-06T09:52:44.743Z'
}
{
  message: 'Example app listening on port 5000',
  level: 'info',
  service: 'user-service',
  label: 'DCH',
  timestamp: '2024-07-06T09:52:44.751Z'
}
{
  message: 'database connect successful',
  level: 'info',
  service: 'user-service',
  label: 'DCH',
  timestamp: '2024-07-06T09:54:22.968Z'
}
{
  message: 'Example app listening on port 5000',
  level: 'info',
  service: 'user-service',
  label: 'DCH',
  timestamp: '2024-07-06T09:54:22.976Z'
}
{
  message: 'database connect successful',
  level: 'info',
  service: 'user-service',
  label: 'DCH',
  timestamp: '2024-07-06T09:54:54.577Z'
}
{
  message: 'Example app listening on port 5000',
  level: 'info',
  service: 'user-service',
  label: 'DCH',
  timestamp: '2024-07-06T09:54:54.586Z'
}
{
  message: 'database connect successful',
  level: 'info',
  service: 'user-service',
  label: 'DCH',
  timestamp: '2024-07-06T09:57:30.149Z'
}
{
  message: 'Example app listening on port 5000',
  level: 'info',
  service: 'user-service',
  label: 'DCH',
  timestamp: '2024-07-06T09:57:30.156Z'
}
