{
  message: 'database connect successful',
  level: 'info',
  service: 'user-service',
  label: 'DCH',
  timestamp: '2024-07-06T14:03:24.190Z'
}
{
  message: 'Example app listening on port 5000',
  level: 'info',
  service: 'user-service',
  label: 'DCH',
  timestamp: '2024-07-06T14:03:24.203Z'
}
{
  message: 'database connect successful',
  level: 'info',
  service: 'user-service',
  label: 'DCH',
  timestamp: '2024-07-06T14:03:43.576Z'
}
{
  message: 'Example app listening on port 5000',
  level: 'info',
  service: 'user-service',
  label: 'DCH',
  timestamp: '2024-07-06T14:03:43.586Z'
}
{
  message: 'database connect successful',
  level: 'info',
  service: 'user-service',
  label: 'DCH',
  timestamp: '2024-07-06T14:04:21.066Z'
}
{
  message: 'Example app listening on port 5000',
  level: 'info',
  service: 'user-service',
  label: 'DCH',
  timestamp: '2024-07-06T14:04:21.076Z'
}
